<?xml version="1.0" encoding="UTF-8"?>
<testng-results ignored="0" total="2" passed="2" failed="0" skipped="0">
  <reporter-output>
  </reporter-output>
  <suite started-at="2022-10-01T17:47:05Z" name="Default suite" finished-at="2022-10-01T17:47:05Z" duration-ms="72">
    <groups>
    </groups>
    <test started-at="2022-10-01T17:47:05Z" name="Default test" finished-at="2022-10-01T17:47:05Z" duration-ms="72">
      <class name="com.sdet.AppTest">
        <test-method signature="testLogin1()[pri:0, instance:com.sdet.AppTest@8f2ef19]" started-at="2022-10-01T17:47:05Z" name="testLogin1" finished-at="2022-10-01T17:47:05Z" duration-ms="27" status="PASS">
          <reporter-output>
          </reporter-output>
        </test-method> <!-- testLogin1 -->
        <test-method signature="testLogin2()[pri:0, instance:com.sdet.AppTest@8f2ef19]" started-at="2022-10-01T17:47:05Z" name="testLogin2" finished-at="2022-10-01T17:47:05Z" duration-ms="2" status="PASS">
          <reporter-output>
          </reporter-output>
        </test-method> <!-- testLogin2 -->
      </class> <!-- com.sdet.AppTest -->
    </test> <!-- Default test -->
  </suite> <!-- Default suite -->
</testng-results>
